This is pdfTeX, Version 3.14159265-2.6-1.40.18 (TeX Live 2017/W32TeX) (preloaded format=pdflatex 2017.8.31)  12 NOV 2017 21:53
entering extended mode
 restricted \write18 enabled.
 %&-line parsing enabled.
**./main.tex
(./main.tex
LaTeX2e <2017-04-15>
Babel <3.12> and hyphenation patterns for 84 language(s) loaded.
(c:/texlive/2017/texmf-dist/tex/latex/base/report.cls
Document Class: report 2014/09/29 v1.4h Standard LaTeX document class
(c:/texlive/2017/texmf-dist/tex/latex/base/size12.clo
File: size12.clo 2014/09/29 v1.4h Standard LaTeX file (size option)
)
\c@part=\count79
\c@chapter=\count80
\c@section=\count81
\c@subsection=\count82
\c@subsubsection=\count83
\c@paragraph=\count84
\c@subparagraph=\count85
\c@figure=\count86
\c@table=\count87
\abovecaptionskip=\skip41
\belowcaptionskip=\skip42
\bibindent=\dimen102
) (./scicite.sty
LaTeX Info: Redefining \cite on input line 160.
LaTeX Info: Redefining \nocite on input line 227.
Package: scicite 2003/11/04  v 4.01
)
(c:/texlive/2017/texmf-dist/tex/latex/psnfss/times.sty
Package: times 2005/04/12 PSNFSS-v9.2a (SPQR) 
)
(c:/texlive/2017/texmf-dist/tex/latex/graphics/graphicx.sty
Package: graphicx 2017/06/01 v1.1a Enhanced LaTeX Graphics (DPC,SPQR)

(c:/texlive/2017/texmf-dist/tex/latex/graphics/keyval.sty
Package: keyval 2014/10/28 v1.15 key=value parser (DPC)
\KV@toks@=\toks14
)
(c:/texlive/2017/texmf-dist/tex/latex/graphics/graphics.sty
Package: graphics 2017/06/25 v1.2c Standard LaTeX Graphics (DPC,SPQR)

(c:/texlive/2017/texmf-dist/tex/latex/graphics/trig.sty
Package: trig 2016/01/03 v1.10 sin cos tan (DPC)
)
(c:/texlive/2017/texmf-dist/tex/latex/graphics-cfg/graphics.cfg
File: graphics.cfg 2016/06/04 v1.11 sample graphics configuration
)
Package graphics Info: Driver file: pdftex.def on input line 99.

(c:/texlive/2017/texmf-dist/tex/latex/graphics-def/pdftex.def
File: pdftex.def 2017/06/24 v1.0g Graphics/color driver for pdftex
))
\Gin@req@height=\dimen103
\Gin@req@width=\dimen104
)
(c:/texlive/2017/texmf-dist/tex/latex/caption/subcaption.sty
Package: subcaption 2016/05/22 v1.1-161 Sub-captions (AR)

(c:/texlive/2017/texmf-dist/tex/latex/caption/caption.sty
Package: caption 2016/02/21 v3.3-144 Customizing captions (AR)

(c:/texlive/2017/texmf-dist/tex/latex/caption/caption3.sty
Package: caption3 2016/05/22 v1.7-166 caption3 kernel (AR)
Package caption3 Info: TeX engine: e-TeX on input line 67.
\captionmargin=\dimen105
\captionmargin@=\dimen106
\captionwidth=\dimen107
\caption@tempdima=\dimen108
\caption@indent=\dimen109
\caption@parindent=\dimen110
\caption@hangindent=\dimen111
)
\c@ContinuedFloat=\count88
)
\c@subfigure=\count89
\c@subtable=\count90
)
(c:/texlive/2017/texmf-dist/tex/latex/amsfonts/amssymb.sty
Package: amssymb 2013/01/14 v3.01 AMS font symbols

(c:/texlive/2017/texmf-dist/tex/latex/amsfonts/amsfonts.sty
Package: amsfonts 2013/01/14 v3.01 Basic AMSFonts support
\@emptytoks=\toks15
\symAMSa=\mathgroup4
\symAMSb=\mathgroup5
LaTeX Font Info:    Overwriting math alphabet `\mathfrak' in version `bold'
(Font)                  U/euf/m/n --> U/euf/b/n on input line 106.
))
(c:/texlive/2017/texmf-dist/tex/latex/hyperref/hyperref.sty
Package: hyperref 2017/03/14 v6.85a Hypertext links for LaTeX

(c:/texlive/2017/texmf-dist/tex/generic/oberdiek/hobsub-hyperref.sty
Package: hobsub-hyperref 2016/05/16 v1.14 Bundle oberdiek, subset hyperref (HO)


(c:/texlive/2017/texmf-dist/tex/generic/oberdiek/hobsub-generic.sty
Package: hobsub-generic 2016/05/16 v1.14 Bundle oberdiek, subset generic (HO)
Package: hobsub 2016/05/16 v1.14 Construct package bundles (HO)
Package: infwarerr 2016/05/16 v1.4 Providing info/warning/error messages (HO)
Package: ltxcmds 2016/05/16 v1.23 LaTeX kernel commands for general use (HO)
Package: ifluatex 2016/05/16 v1.4 Provides the ifluatex switch (HO)
Package ifluatex Info: LuaTeX not detected.
Package: ifvtex 2016/05/16 v1.6 Detect VTeX and its facilities (HO)
Package ifvtex Info: VTeX not detected.
Package: intcalc 2016/05/16 v1.2 Expandable calculations with integers (HO)
Package: ifpdf 2017/03/15 v3.2 Provides the ifpdf switch
Package: etexcmds 2016/05/16 v1.6 Avoid name clashes with e-TeX commands (HO)
Package etexcmds Info: Could not find \expanded.
(etexcmds)             That can mean that you are not using pdfTeX 1.50 or
(etexcmds)             that some package has redefined \expanded.
(etexcmds)             In the latter case, load this package earlier.
Package: kvsetkeys 2016/05/16 v1.17 Key value parser (HO)
Package: kvdefinekeys 2016/05/16 v1.4 Define keys (HO)
Package: pdftexcmds 2017/03/19 v0.25 Utility functions of pdfTeX for LuaTeX (HO
)
Package pdftexcmds Info: LuaTeX not detected.
Package pdftexcmds Info: \pdf@primitive is available.
Package pdftexcmds Info: \pdf@ifprimitive is available.
Package pdftexcmds Info: \pdfdraftmode found.
Package: pdfescape 2016/05/16 v1.14 Implements pdfTeX's escape features (HO)
Package: bigintcalc 2016/05/16 v1.4 Expandable calculations on big integers (HO
)
Package: bitset 2016/05/16 v1.2 Handle bit-vector datatype (HO)
Package: uniquecounter 2016/05/16 v1.3 Provide unlimited unique counter (HO)
)
Package hobsub Info: Skipping package `hobsub' (already loaded).
Package: letltxmacro 2016/05/16 v1.5 Let assignment for LaTeX macros (HO)
Package: hopatch 2016/05/16 v1.3 Wrapper for package hooks (HO)
Package: xcolor-patch 2016/05/16 xcolor patch
Package: atveryend 2016/05/16 v1.9 Hooks at the very end of document (HO)
Package atveryend Info: \enddocument detected (standard20110627).
Package: atbegshi 2016/06/09 v1.18 At begin shipout hook (HO)
Package: refcount 2016/05/16 v3.5 Data extraction from label references (HO)
Package: hycolor 2016/05/16 v1.8 Color options for hyperref/bookmark (HO)
)
(c:/texlive/2017/texmf-dist/tex/generic/ifxetex/ifxetex.sty
Package: ifxetex 2010/09/12 v0.6 Provides ifxetex conditional
)
(c:/texlive/2017/texmf-dist/tex/latex/oberdiek/auxhook.sty
Package: auxhook 2016/05/16 v1.4 Hooks for auxiliary files (HO)
)
(c:/texlive/2017/texmf-dist/tex/latex/oberdiek/kvoptions.sty
Package: kvoptions 2016/05/16 v3.12 Key value format for package options (HO)
)
\@linkdim=\dimen112
\Hy@linkcounter=\count91
\Hy@pagecounter=\count92

(c:/texlive/2017/texmf-dist/tex/latex/hyperref/pd1enc.def
File: pd1enc.def 2017/03/14 v6.85a Hyperref: PDFDocEncoding definition (HO)
)
\Hy@SavedSpaceFactor=\count93

(c:/texlive/2017/texmf-dist/tex/latex/latexconfig/hyperref.cfg
File: hyperref.cfg 2002/06/06 v1.2 hyperref configuration of TeXLive
)
Package hyperref Info: Hyper figures OFF on input line 4498.
Package hyperref Info: Link nesting OFF on input line 4503.
Package hyperref Info: Hyper index ON on input line 4506.
Package hyperref Info: Plain pages OFF on input line 4513.
Package hyperref Info: Backreferencing OFF on input line 4518.
Package hyperref Info: Implicit mode ON; LaTeX internals redefined.
Package hyperref Info: Bookmarks ON on input line 4751.
\c@Hy@tempcnt=\count94

(c:/texlive/2017/texmf-dist/tex/latex/url/url.sty
\Urlmuskip=\muskip10
Package: url 2013/09/16  ver 3.4  Verb mode for urls, etc.
)
LaTeX Info: Redefining \url on input line 5104.
\XeTeXLinkMargin=\dimen113
\Fld@menulength=\count95
\Field@Width=\dimen114
\Fld@charsize=\dimen115
Package hyperref Info: Hyper figures OFF on input line 6358.
Package hyperref Info: Link nesting OFF on input line 6363.
Package hyperref Info: Hyper index ON on input line 6366.
Package hyperref Info: backreferencing OFF on input line 6373.
Package hyperref Info: Link coloring OFF on input line 6378.
Package hyperref Info: Link coloring with OCG OFF on input line 6383.
Package hyperref Info: PDF/A mode OFF on input line 6388.
LaTeX Info: Redefining \ref on input line 6428.
LaTeX Info: Redefining \pageref on input line 6432.
\Hy@abspage=\count96
\c@Item=\count97
\c@Hfootnote=\count98
)

Package hyperref Message: Driver (autodetected): hpdftex.

(c:/texlive/2017/texmf-dist/tex/latex/hyperref/hpdftex.def
File: hpdftex.def 2017/03/14 v6.85a Hyperref driver for pdfTeX
\Fld@listcount=\count99
\c@bookmark@seq@number=\count100

(c:/texlive/2017/texmf-dist/tex/latex/oberdiek/rerunfilecheck.sty
Package: rerunfilecheck 2016/05/16 v1.8 Rerun checks for auxiliary files (HO)
Package uniquecounter Info: New unique counter `rerunfilecheck' on input line 2
82.
)
\Hy@SectionHShift=\skip43
) (./main.aux)
\openout1 = `main.aux'.

LaTeX Font Info:    Checking defaults for OML/cmm/m/it on input line 64.
LaTeX Font Info:    ... okay on input line 64.
LaTeX Font Info:    Checking defaults for T1/cmr/m/n on input line 64.
LaTeX Font Info:    ... okay on input line 64.
LaTeX Font Info:    Checking defaults for OT1/cmr/m/n on input line 64.
LaTeX Font Info:    ... okay on input line 64.
LaTeX Font Info:    Checking defaults for OMS/cmsy/m/n on input line 64.
LaTeX Font Info:    ... okay on input line 64.
LaTeX Font Info:    Checking defaults for OMX/cmex/m/n on input line 64.
LaTeX Font Info:    ... okay on input line 64.
LaTeX Font Info:    Checking defaults for U/cmr/m/n on input line 64.
LaTeX Font Info:    ... okay on input line 64.
LaTeX Font Info:    Checking defaults for PD1/pdf/m/n on input line 64.
LaTeX Font Info:    ... okay on input line 64.
LaTeX Font Info:    Try loading font information for OT1+ptm on input line 64.
 (c:/texlive/2017/texmf-dist/tex/latex/psnfss/ot1ptm.fd
File: ot1ptm.fd 2001/06/04 font definitions for OT1/ptm.
)
(c:/texlive/2017/texmf-dist/tex/context/base/mkii/supp-pdf.mkii
[Loading MPS to PDF converter (version 2006.09.02).]
\scratchcounter=\count101
\scratchdimen=\dimen116
\scratchbox=\box26
\nofMPsegments=\count102
\nofMParguments=\count103
\everyMPshowfont=\toks16
\MPscratchCnt=\count104
\MPscratchDim=\dimen117
\MPnumerator=\count105
\makeMPintoPDFobject=\count106
\everyMPtoPDFconversion=\toks17
) (c:/texlive/2017/texmf-dist/tex/latex/oberdiek/epstopdf-base.sty
Package: epstopdf-base 2016/05/15 v2.6 Base part for package epstopdf

(c:/texlive/2017/texmf-dist/tex/latex/oberdiek/grfext.sty
Package: grfext 2016/05/16 v1.2 Manage graphics extensions (HO)
)
Package epstopdf-base Info: Redefining graphics rule for `.eps' on input line 4
38.
Package grfext Info: Graphics extension search list:
(grfext)             [.pdf,.png,.jpg,.mps,.jpeg,.jbig2,.jb2,.PDF,.PNG,.JPG,.JPE
G,.JBIG2,.JB2,.eps]
(grfext)             \AppendGraphicsExtensions on input line 456.

(c:/texlive/2017/texmf-dist/tex/latex/latexconfig/epstopdf-sys.cfg
File: epstopdf-sys.cfg 2010/07/13 v1.3 Configuration of (r)epstopdf for TeX Liv
e
))
Package caption Info: Begin \AtBeginDocument code.
Package caption Info: hyperref package is loaded.
Package caption Info: End \AtBeginDocument code.
\AtBeginShipoutBox=\box27
Package hyperref Info: Link coloring OFF on input line 64.

(c:/texlive/2017/texmf-dist/tex/latex/hyperref/nameref.sty
Package: nameref 2016/05/21 v2.44 Cross-referencing by name of section

(c:/texlive/2017/texmf-dist/tex/generic/oberdiek/gettitlestring.sty
Package: gettitlestring 2016/05/16 v1.5 Cleanup title references (HO)
)
\c@section@level=\count107
)
LaTeX Info: Redefining \ref on input line 64.
LaTeX Info: Redefining \pageref on input line 64.
LaTeX Info: Redefining \nameref on input line 64.

(./main.out) (./main.out)
\@outlinefile=\write3
\openout3 = `main.out'.

LaTeX Font Info:    Try loading font information for U+msa on input line 72.

(c:/texlive/2017/texmf-dist/tex/latex/amsfonts/umsa.fd
File: umsa.fd 2013/01/14 v3.01 AMS symbols A
)
LaTeX Font Info:    Try loading font information for U+msb on input line 72.

(c:/texlive/2017/texmf-dist/tex/latex/amsfonts/umsb.fd
File: umsb.fd 2013/01/14 v3.01 AMS symbols B
) [1

{c:/texlive/2017/texmf-var/fonts/map/pdftex/updmap/pdftex.map}]
LaTeX Font Info:    Font shape `OT1/ptm/bx/n' in size <24.88> not available
(Font)              Font shape `OT1/ptm/b/n' tried instead on input line 73.
LaTeX Font Info:    Font shape `OT1/ptm/bx/it' in size <12> not available
(Font)              Font shape `OT1/ptm/b/it' tried instead on input line 78.


LaTeX Warning: Citation `tellingmorethanwecanknow' on page 1 undefined on input
 line 78.


LaTeX Warning: Citation `artisticpractices_Social_Interactions_and_Cultural_Dyn
amics' on page 1 undefined on input line 78.


LaTeX Warning: Citation `kateoatmeal' on page 1 undefined on input line 83.


LaTeX Warning: Citation `mikeaestheticoflargenumbers' on page 1 undefined on in
put line 83.

LaTeX Font Info:    Font shape `OT1/ptm/bx/n' in size <14.4> not available
(Font)              Font shape `OT1/ptm/b/n' tried instead on input line 89.
LaTeX Font Info:    Font shape `OT1/ptm/bx/n' in size <12> not available
(Font)              Font shape `OT1/ptm/b/n' tried instead on input line 93.
pdfTeX warning (ext4): destination with the same identifier (name{page.1}) has 
been already used, duplicate ignored
<to be read again> 
                   \relax 
l.96 
      [1

] [2]
LaTeX Font Info:    Try loading font information for OMS+ptm on input line 126.

 (c:/texlive/2017/texmf-dist/tex/latex/psnfss/omsptm.fd
File: omsptm.fd 
)
LaTeX Font Info:    Font shape `OMS/ptm/m/n' in size <12> not available
(Font)              Font shape `OMS/cmsy/m/n' tried instead on input line 126.
 [3]
LaTeX Font Info:    Font shape `OT1/ptm/bx/n' in size <17.28> not available
(Font)              Font shape `OT1/ptm/b/n' tried instead on input line 151.


LaTeX Warning: Citation `PROCJAM2015' on page 4 undefined on input line 153.


LaTeX Warning: Citation `PROCJAM2016' on page 4 undefined on input line 153.


LaTeX Warning: Citation `SOMETHING' on page 4 undefined on input line 153.

[4

]

LaTeX Warning: Citation `KATESProceduralLevelDesignforPlatformGames' on page 5 
undefined on input line 158.


LaTeX Warning: Citation `mario2010' on page 5 undefined on input line 158.


LaTeX Warning: Citation `mawhorterORE' on page 5 undefined on input line 158.


LaTeX Warning: Citation `tanagra' on page 5 undefined on input line 160.


LaTeX Warning: Citation `sorpasq' on page 5 undefined on input line 162.


LaTeX Warning: Citation `VARGASPLOTPOINTS' on page 5 undefined on input line 16
6.

[5]

LaTeX Warning: Citation `JDADVENTURE' on page 6 undefined on input line 168.


LaTeX Warning: Citation `VDLPROCGENLEVEL' on page 6 undefined on input line 169
.


LaTeX Warning: Citation `SORPASLEVEL' on page 6 undefined on input line 171.


LaTeX Warning: Citation `VALTCHANOVEVOLVE' on page 6 undefined on input line 17
1.


LaTeX Warning: Citation `hartsook' on page 6 undefined on input line 172.


LaTeX Warning: Citation `HORSWILLCONSTRAINT' on page 6 undefined on input line 
177.

[6]

LaTeX Warning: Citation `refraction' on page 7 undefined on input line 179.


LaTeX Warning: Citation `dahlskog2014linear' on page 7 undefined on input line 
185.


LaTeX Warning: Citation `dahlskog2013patterns' on page 7 undefined on input lin
e 185.


LaTeX Warning: Citation `snodgrass2014experiments' on page 7 undefined on input
 line 187.


LaTeX Warning: Citation `ching2007multi' on page 7 undefined on input line 187.



Overfull \hbox (8.52496pt too wide) in paragraph at lines 187--188
[]\OT1/ptm/m/n/12 In (\OT1/ptm/b/it/12 ?\OT1/ptm/m/n/12 ) Snod-grass and Onta[]
n[]on present an ap-proach to level gen-er-a-tion us-ing multi-dimensional
 []


LaTeX Warning: Citation `snodgrass2015hierarchical' on page 7 undefined on inpu
t line 191.


LaTeX Warning: Citation `snodgrassconstrained' on page 7 undefined on input lin
e 191.


LaTeX Warning: Citation `snodgrass2016learning' on page 7 undefined on input li
ne 191.

[7]

LaTeX Warning: Citation `Pulli:2012:RCV:2184319.2184337' on page 8 undefined on
 input line 194.


LaTeX Warning: Citation `kalogerakis:2012:SIG' on page 8 undefined on input lin
e 196.


LaTeX Warning: Citation `guzdial2016game' on page 8 undefined on input line 196
.


LaTeX Warning: Citation `MARIOGRAPHGRAMMAR' on page 8 undefined on input line 1
96.


LaTeX Warning: Citation `shaker2014alone' on page 8 undefined on input line 198
.


LaTeX Warning: Citation `lee1999learning' on page 8 undefined on input line 200
.

[8]
<figures/CopyOfLoz1.png, id=61, 1286.8075pt x 918.43124pt>
File: figures/CopyOfLoz1.png Graphic file (type png)
<use figures/CopyOfLoz1.png>
Package pdftex.def Info: figures/CopyOfLoz1.png  used on input line 210. on inp
ut line 210.
Package pdftex.def Info: Requested size: 432.48048pt x 308.67488pt on input lin
e 210.


LaTeX Warning: Citation `ZELDASHRINE' on page 9 undefined on input line 215.


LaTeX Warning: Citation `ANGELFIRE' on page 9 undefined on input line 215.


LaTeX Warning: Citation `ZELDAELEMENTS' on page 9 undefined on input line 215.


LaTeX Warning: Citation `IANALBERT' on page 9 undefined on input line 215.

[9 <./figures/CopyOfLoz1.png>]
<figures/The_Learning_of_Zelda.png, id=73, 908.39375pt x 579.16376pt>
File: figures/The_Learning_of_Zelda.png Graphic file (type png)
<use figures/The_Learning_of_Zelda.png>
Package pdftex.def Info: figures/The_Learning_of_Zelda.png  used on input line 
221. on input line 221.
Package pdftex.def Info: Requested size: 455.24408pt x 290.25279pt on input lin
e 221.
 [10] [11 <./figures/The_Learning_of_Zelda.png (PNG copy)>]
<figures/PCAInterp.png, id=83, 928.97063pt x 120.45pt>
File: figures/PCAInterp.png Graphic file (type png)
<use figures/PCAInterp.png>
Package pdftex.def Info: figures/PCAInterp.png  used on input line 247. on inpu
t line 247.
Package pdftex.def Info: Requested size: 441.58731pt x 57.2566pt on input line 
247.
<figures/lttp1.png, id=84, 1349.04pt x 1349.04pt>
File: figures/lttp1.png Graphic file (type png)
<use figures/lttp1.png>
Package pdftex.def Info: figures/lttp1.png  used on input line 257. on input li
ne 257.
Package pdftex.def Info: Requested size: 273.14922pt x 273.13794pt on input lin
e 257.
<figures/lttp1_zoom.png, id=85, 583.42969pt x 511.15968pt>
File: figures/lttp1_zoom.png Graphic file (type png)
<use figures/lttp1_zoom.png>
Package pdftex.def Info: figures/lttp1_zoom.png  used on input line 265. on inp
ut line 265.
Package pdftex.def Info: Requested size: 273.14922pt x 239.31691pt on input lin
e 265.
 [12 <./figures/PCAInterp.png>] [13 <./figures/lttp1.png> <./figures/lttp1_zoom
.png>]
<figures/LSTM_Cell.png, id=104, 963.6pt x 722.7pt>
File: figures/LSTM_Cell.png Graphic file (type png)
<use figures/LSTM_Cell.png>
Package pdftex.def Info: figures/LSTM_Cell.png  used on input line 279. on inpu
t line 279.
Package pdftex.def Info: Requested size: 227.62204pt x 170.71672pt on input lin
e 279.


LaTeX Warning: Citation `LSTM' on page 14 undefined on input line 285.

[14 <./figures/LSTM_Cell.png>]
<figures/Naive.png, id=114, 702.625pt x 693.59125pt>
File: figures/Naive.png Graphic file (type png)
<use figures/Naive.png>
Package pdftex.def Info: figures/Naive.png  used on input line 296. on input li
ne 296.
Package pdftex.def Info: Requested size: 81.9406pt x 80.87785pt on input line 2
96.
<figures/BottomToTop.png, id=115, 702.625pt x 693.59125pt>
File: figures/BottomToTop.png Graphic file (type png)
<use figures/BottomToTop.png>
Package pdftex.def Info: figures/BottomToTop.png  used on input line 300. on in
put line 300.
Package pdftex.def Info: Requested size: 81.9406pt x 80.87785pt on input line 3
00.
<figures/Snaking__1_.png, id=116, 702.625pt x 693.59125pt>
File: figures/Snaking__1_.png Graphic file (type png)
<use figures/Snaking__1_.png>
Package pdftex.def Info: figures/Snaking__1_.png  used on input line 304. on in
put line 304.
Package pdftex.def Info: Requested size: 81.9406pt x 80.87785pt on input line 3
04.
<figures/Hilbert.png, id=117, 702.625pt x 693.59125pt>
File: figures/Hilbert.png Graphic file (type png)
<use figures/Hilbert.png>
Package pdftex.def Info: figures/Hilbert.png  used on input line 308. on input 
line 308.
Package pdftex.def Info: Requested size: 81.9406pt x 80.87785pt on input line 3
08.
<figures/Z_Order.png, id=118, 702.625pt x 693.59125pt>
File: figures/Z_Order.png Graphic file (type png)
<use figures/Z_Order.png>
Package pdftex.def Info: figures/Z_Order.png  used on input line 312. on input 
line 312.
Package pdftex.def Info: Requested size: 81.9406pt x 80.87785pt on input line 3
12.

Underfull \hbox (badness 10000) in paragraph at lines 312--312
[]\OT1/ptm/m/n/10.95 (e) |Lebesgue
 []


LaTeX Warning: Citation `hilbert1891ueber' on page 15 undefined on input line 3
24.


LaTeX Warning: Citation `morton1966computer' on page 15 undefined on input line
 325.

<figures/1-1.png, id=119, 3244.12pt x 224.84pt>
File: figures/1-1.png Graphic file (type png)
<use figures/1-1.png>
Package pdftex.def Info: figures/1-1.png  used on input line 332. on input line
 332.
Package pdftex.def Info: Requested size: 441.58731pt x 30.60252pt on input line
 332.
<figures/SDP1.png, id=120, 2922.92pt x 256.96pt>
File: figures/SDP1.png Graphic file (type png)
<use figures/SDP1.png>
Package pdftex.def Info: figures/SDP1.png  used on input line 336. on input lin
e 336.
Package pdftex.def Info: Requested size: 441.58731pt x 38.82071pt on input line
 336.
LaTeX Font Info:    Font shape `OT1/ptm/bx/n' in size <10.95> not available
(Font)              Font shape `OT1/ptm/b/n' tried instead on input line 336.
<figures/1-2.png, id=121, 2409.0pt x 224.84pt>
File: figures/1-2.png Graphic file (type png)
<use figures/1-2.png>
Package pdftex.def Info: figures/1-2.png  used on input line 339. on input line
 339.
Package pdftex.def Info: Requested size: 441.58731pt x 41.21393pt on input line
 339.
<figures/SDP_1_3.png, id=122, 2778.38pt x 256.96pt>
File: figures/SDP_1_3.png Graphic file (type png)
<use figures/SDP_1_3.png>
Package pdftex.def Info: figures/SDP_1_3.png  used on input line 342. on input 
line 342.
Package pdftex.def Info: Requested size: 441.58731pt x 40.83997pt on input line
 342.

LaTeX Warning: Citation `snodgrassmdmc' on page 15 undefined on input line 346.



LaTeX Warning: Reference `fig:mario_levels' on page 15 undefined on input line 
346.

[15 <./figures/Naive.png> <./figures/BottomToTop.png> <./figures/Snaking__1_.pn
g> <./figures/Hilbert.png> <./figures/Z_Order.png>]
Underfull \vbox (badness 1997) has occurred while \output is active []

 [16 <./figures/1-1.png (PNG copy)> <./figures/SDP1.png (PNG copy)> <./figures/
1-2.png (PNG copy)> <./figures/SDP_1_3.png (PNG copy)>]

LaTeX Warning: Citation `wardrip-fruin2005playable' on page 17 undefined on inp
ut line 370.


LaTeX Warning: Citation `osborn2017refining' on page 17 undefined on input line
 370.

[17]

LaTeX Warning: Citation `nesdev' on page 18 undefined on input line 389.

[18] [19]

LaTeX Warning: Citation `summerville2017mechanics' on page 20 undefined on inpu
t line 420.

<figures/screen.png, id=156, 241.3818pt x 226.2051pt>
File: figures/screen.png Graphic file (type png)
<use figures/screen.png>
Package pdftex.def Info: figures/screen.png  used on input line 434. on input l
ine 434.
Package pdftex.def Info: Requested size: 200.3085pt x 187.71565pt on input line
 434.
<figures/ntram.png, id=157, 242.8272pt x 227.6505pt>
File: figures/ntram.png Graphic file (type png)
<use figures/ntram.png>
Package pdftex.def Info: figures/ntram.png  used on input line 435. on input li
ne 435.
Package pdftex.def Info: Requested size: 200.3085pt x 187.80006pt on input line
 435.
[20]
<figures/Metroid.pdf, id=164, pagebox=cropbox, 3062.44125pt x 4490.7775pt>
File: figures/Metroid.pdf Graphic file (type pdf)
<use figures/Metroid.pdf>
Package pdftex.def Info: figures/Metroid.pdf  used on input line 449. on input 
line 449.
Package pdftex.def Info: Requested size: 218.51521pt x 320.41663pt on input lin
e 449.
 [21 <./figures/screen.png> <./figures/ntram.png>] [22 <./figures/Metroid.pdf>]
 [23]

LaTeX Warning: Citation `OperationalLogics' on page 24 undefined on input line 
488.

<figures/Clusters.png, id=213, 955.57pt x 536.0025pt>
File: figures/Clusters.png Graphic file (type png)
<use figures/Clusters.png>
Package pdftex.def Info: figures/Clusters.png  used on input line 500. on input
 line 500.
Package pdftex.def Info: Requested size: 441.58731pt x 247.69281pt on input lin
e 500.

LaTeX Warning: Reference `fig:clusters' on page 24 undefined on input line 516.


[24] [25 <./figures/Clusters.png>]

LaTeX Warning: Citation `gans' on page 26 undefined on input line 536.


LaTeX Warning: Citation `vae' on page 26 undefined on input line 536.


LaTeX Warning: Citation `seq2seq' on page 26 undefined on input line 536.


LaTeX Warning: Citation `ganstuff' on page 26 undefined on input line 536.


LaTeX Warning: Citation `ganinterpolation' on page 26 undefined on input line 5
36.

<figures/Agahnim_Architecture.pdf, id=226, pagebox=cropbox, 593.21625pt x 285.0
65pt>
File: figures/Agahnim_Architecture.pdf Graphic file (type pdf)
<use figures/Agahnim_Architecture.pdf>
Package pdftex.def Info: figures/Agahnim_Architecture.pdf  used on input line 5
42. on input line 542.
Package pdftex.def Info: Requested size: 441.58731pt x 212.21057pt on input lin
e 542.

LaTeX Warning: Citation `pointer_network' on page 26 undefined on input line 55
1.

[26]

LaTeX Warning: Citation `smith2010analyzing' on page 27 undefined on input line
 562.


LaTeX Warning: Citation `van2013designing' on page 27 undefined on input line 5
62.


LaTeX Warning: Citation `summerville2016mariostring' on page 27 undefined on in
put line 562.


LaTeX Warning: Citation `smith2011launchpad' on page 27 undefined on input line
 562.

[27 <./figures/Agahnim_Architecture.pdf>]

LaTeX Warning: Citation `ks' on page 28 undefined on input line 568.


LaTeX Warning: Reference `fig:KDE' on page 28 undefined on input line 568.


LaTeX Warning: Citation `szekely2013energy' on page 28 undefined on input line 
573.

[28]

LaTeX Warning: Citation `programsynthesis' on page 29 undefined on input line 6
09.


LaTeX Warning: Citation `OleksandrPolozovandSumitGulwani.2015.FlashMeta:Aframew
orkforinductiveprogramsynthesis' on page 29 undefined on input line 610.


LaTeX Warning: Citation `EricSchkufza' on page 29 undefined on input line 610.


LaTeX Warning: Citation `RahulSharma' on page 29 undefined on input line 610.


LaTeX Warning: Citation `andAlexAiken.2013.StochasticSuperoptimization.' on pag
e 29 undefined on input line 610.

[29

]

LaTeX Warning: Citation `IntroductiontoActiveAutomataLearningfromaPracticalPers
pective?' on page 30 undefined on input line 626.


LaTeX Warning: Citation `niggemann2012learning' on page 30 undefined on input l
ine 630.


LaTeX Warning: Citation `hybridmodels2015santana' on page 30 undefined on input
 line 633.


LaTeX Warning: Citation `LearningSymbolicRepresentationsofHybridDynamicalSystem
s' on page 30 undefined on input line 636.

[30]

LaTeX Warning: Citation `baum1966statistical' on page 31 undefined on input lin
e 640.


LaTeX Warning: Citation `beal2002infinite' on page 31 undefined on input line 6
41.


LaTeX Warning: Citation `kukreja2005least' on page 31 undefined on input line 6
44.


LaTeX Warning: Citation `bridewell2008inductive' on page 31 undefined on input 
line 644.


Overfull \hbox (9.79999pt too wide) in paragraph at lines 671--673
[][] 
 []


Overfull \hbox (9.79999pt too wide) in paragraph at lines 700--702
[][]
 []


Overfull \hbox (9.79999pt too wide) in paragraph at lines 723--725
[][]
 []


Underfull \hbox (badness 10000) in paragraph at lines 678--728
[][]
 []

[31] [32]
Underfull \vbox (badness 10000) has occurred while \output is active []

 [33]
<figures/CALE_Architecture.pdf, id=297, pagebox=cropbox, 671.50874pt x 440.6462
6pt>
File: figures/CALE_Architecture.pdf Graphic file (type pdf)
<use figures/CALE_Architecture.pdf>
Package pdftex.def Info: figures/CALE_Architecture.pdf  used on input line 743.
 on input line 743.
Package pdftex.def Info: Requested size: 441.58731pt x 289.77179pt on input lin
e 743.

[34 <./figures/CALE_Architecture.pdf>] [35]

LaTeX Warning: Citation `AGDViaMechanics' on page 36 undefined on input line 78
3.

[36

]

LaTeX Warning: Citation `towardsAGD' on page 37 undefined on input line 796.


LaTeX Warning: Citation `conceptnet' on page 37 undefined on input line 796.


LaTeX Warning: Citation `wordnet' on page 37 undefined on input line 796.

LaTeX Font Info:    Try loading font information for OT1+pcr on input line 796.

(c:/texlive/2017/texmf-dist/tex/latex/psnfss/ot1pcr.fd
File: ot1pcr.fd 2001/06/04 font definitions for OT1/pcr.
)

LaTeX Warning: Citation `gameomatic' on page 37 undefined on input line 798.


LaTeX Warning: Citation `(' on page 37 undefined on input line 800.


LaTeX Warning: Citation `mikesThesis' on page 37 undefined on input line 802.

[37]

LaTeX Warning: Citation `EvolutionaryGameDesign' on page 38 undefined on input 
line 812.

<figures/Proceduralist_Readings_Graph.png, id=341, 495.8525pt x 265.99374pt>
File: figures/Proceduralist_Readings_Graph.png Graphic file (type png)
<use figures/Proceduralist_Readings_Graph.png>
Package pdftex.def Info: figures/Proceduralist_Readings_Graph.png  used on inpu
t line 818. on input line 818.
Package pdftex.def Info: Requested size: 441.58731pt x 236.88385pt on input lin
e 818.
[38]
<figures/Free_Culture.png, id=349, 712.6625pt x 571.13374pt>
File: figures/Free_Culture.png Graphic file (type png)
<use figures/Free_Culture.png>
Package pdftex.def Info: figures/Free_Culture.png  used on input line 841. on i
nput line 841.
Package pdftex.def Info: Requested size: 432.48048pt x 346.58711pt on input lin
e 841.


LaTeX Warning: Citation `salen2004rules' on page 39 undefined on input line 857
.

[39 <./figures/Proceduralist_Readings_Graph.png>]
<figures/Copy_of_Proceduralist_Reading.png, id=359, 950.55125pt x 537.00626pt>
File: figures/Copy_of_Proceduralist_Reading.png Graphic file (type png)
<use figures/Copy_of_Proceduralist_Reading.png>
Package pdftex.def Info: figures/Copy_of_Proceduralist_Reading.png  used on inp
ut line 873. on input line 873.
Package pdftex.def Info: Requested size: 432.48048pt x 244.33003pt on input lin
e 873.
 [40 <./figures/Free_Culture.png>] [41 <./figures/Copy_of_Proceduralist_Reading
.png>]

LaTeX Warning: Citation `martens2015ceptre' on page 42 undefined on input line 
933.


LaTeX Warning: Citation `stolee2011expressing' on page 42 undefined on input li
ne 934.


Underfull \hbox (badness 3058) in paragraph at lines 966--966
[][][]\OT1/ptm/m/n/10 All code is avail-able at: []$\OT1/pcr/m/n/10 https : / /
 github . com / LudoNarrative / ClimateChange / tree /
 []

[42]

LaTeX Warning: Float too large for page by 45.69202pt on input line 1070.

<figures/-Proceduralist_Reading_-_CODE.pdf, id=380, pagebox=cropbox, 1721.43124
pt x 1163.34625pt>
File: figures/-Proceduralist_Reading_-_CODE.pdf Graphic file (type pdf)
<use figures/-Proceduralist_Reading_-_CODE.pdf>
Package pdftex.def Info: figures/-Proceduralist_Reading_-_CODE.pdf  used on inp
ut line 1121. on input line 1121.
Package pdftex.def Info: Requested size: 450.69414pt x 304.57529pt on input lin
e 1121.

Package caption Warning: \label without proper reference on input line 874.
See the caption package documentation for explanation.


LaTeX Warning: Reference `fig:free_culture' on page 43 undefined on input line 
1122.


Package caption Warning: \label without proper reference on input line 874.
See the caption package documentation for explanation.


LaTeX Warning: Reference `fig:free_culture' on page 43 undefined on input line 
1122.


LaTeX Warning: `h' float specifier changed to `ht'.


LaTeX Warning: Citation `clingo' on page 43 undefined on input line 1152.

[43] [44]
Overfull \hbox (10.11053pt too wide) in paragraph at lines 1160--1169
[]\OT1/ptm/m/n/12 The goal is to main-tain [][]\OT1/pcr/m/n/12 ideasAbsorbed[]\
OT1/ptm/m/n/12 . The out-come [][]\OT1/pcr/m/n/12 forget []\OT1/ptm/m/n/12 af-f
ects [][]\OT1/pcr/m/n/12 ideasAbsorbed
 []

[45]
LaTeX Font Info:    Try loading font information for OMS+pcr on input line 1184
.
 (c:/texlive/2017/texmf-dist/tex/latex/psnfss/omspcr.fd
File: omspcr.fd 
)
LaTeX Font Info:    Font shape `OMS/pcr/m/n' in size <12> not available
(Font)              Font shape `OMS/cmsy/m/n' tried instead on input line 1184.

 [46 <./figures/-Proceduralist_Reading_-_CODE.pdf>] [47]

LaTeX Warning: Citation `harmon2017narrative' on page 48 undefined on input lin
e 1222.

[48]

LaTeX Warning: Citation `FOIL' on page 49 undefined on input line 1249.


LaTeX Warning: Citation `GOLEM' on page 49 undefined on input line 1249.


LaTeX Warning: Citation `Metgol' on page 49 undefined on input line 1249.


LaTeX Warning: Citation `martens2016proceduralist' on page 49 undefined on inpu
t line 1251.

[49]
Overfull \hbox (1.03131pt too wide) in paragraph at lines 1325--1326
\OT1/ptm/m/n/12 (e.g., $\OMS/cmsy/m/n/12 f$\OT1/pcr/m/n/12 up[]arrow, held, mov
e[]up, paddle[]player, north, low$\OMS/cmsy/m/n/12 g$\OT1/ptm/m/n/12 ) and find
s the
 []

[50]
Overfull \hbox (60.91075pt too wide) in paragraph at lines 1377--1378
\OT1/ptm/m/n/12 we see that nei-ther \OT1/pcr/m/n/12 moves(paddle[]player,north
,low) \OT1/ptm/m/n/12 or \OT1/pcr/m/n/12 overlaps(ball,paddle[]player)
 []

[51] [52]
No file main.bbl.
Package atveryend Info: Empty hook `BeforeClearDocument' on input line 1416.
[53

]
Package atveryend Info: Empty hook `AfterLastShipout' on input line 1416.
 (./main.aux)
Package atveryend Info: Executing hook `AtVeryEndDocument' on input line 1416.
Package atveryend Info: Executing hook `AtEndAfterFileList' on input line 1416.

Package rerunfilecheck Info: File `main.out' has not changed.
(rerunfilecheck)             Checksum: D41D8CD98F00B204E9800998ECF8427E;0.


LaTeX Warning: There were undefined references.

Package atveryend Info: Empty hook `AtVeryVeryEnd' on input line 1416.
 ) 
Here is how much of TeX's memory you used:
 7007 strings out of 492990
 107057 string characters out of 6136334
 196247 words of memory out of 5000000
 10333 multiletter control sequences out of 15000+600000
 37795 words of font info for 82 fonts, out of 8000000 for 9000
 1141 hyphenation exceptions out of 8191
 42i,8n,40p,2195b,499s stack positions out of 5000i,500n,10000p,200000b,80000s
{c:/texlive/2017/texmf-dist/fonts/enc/dvips/base/8r.enc}<c:/texlive/2017/texm
f-dist/fonts/type1/public/amsfonts/cm/cmex10.pfb><c:/texlive/2017/texmf-dist/fo
nts/type1/public/amsfonts/cm/cmmi12.pfb><c:/texlive/2017/texmf-dist/fonts/type1
/public/amsfonts/cm/cmmi6.pfb><c:/texlive/2017/texmf-dist/fonts/type1/public/am
sfonts/cm/cmmi8.pfb><c:/texlive/2017/texmf-dist/fonts/type1/public/amsfonts/cm/
cmr12.pfb><c:/texlive/2017/texmf-dist/fonts/type1/public/amsfonts/cm/cmr8.pfb><
c:/texlive/2017/texmf-dist/fonts/type1/public/amsfonts/cm/cmsy10.pfb><c:/texliv
e/2017/texmf-dist/fonts/type1/public/amsfonts/cm/cmsy8.pfb><c:/texlive/2017/tex
mf-dist/fonts/type1/urw/courier/ucrr8a.pfb><c:/texlive/2017/texmf-dist/fonts/ty
pe1/urw/times/utmb8a.pfb><c:/texlive/2017/texmf-dist/fonts/type1/urw/times/utmb
i8a.pfb><c:/texlive/2017/texmf-dist/fonts/type1/urw/times/utmr8a.pfb><c:/texliv
e/2017/texmf-dist/fonts/type1/urw/times/utmri8a.pfb>
Output written on main.pdf (54 pages, 5314684 bytes).
PDF statistics:
 603 PDF objects out of 1000 (max. 8388607)
 427 compressed objects within 5 object streams
 130 named destinations out of 1000 (max. 500000)
 126 words of extra memory for PDF output out of 10000 (max. 10000000)

