\BOOKMARK [1][-]{section.1}{Introduction}{}% 1
\BOOKMARK [2][-]{subsection.1.1}{Research Questions and Contributions}{section.1}% 2
\BOOKMARK [1][-]{section.2}{Related Work}{}% 3
\BOOKMARK [2][-]{subsection.2.1}{Learning from Games}{section.2}% 4
\BOOKMARK [2][-]{subsection.2.2}{Procedural Generation of Levels}{section.2}% 5
\BOOKMARK [3][-]{subsubsection.2.2.1}{Level Generation - Human Design Approaches}{subsection.2.2}% 6
\BOOKMARK [3][-]{subsubsection.2.2.2}{Level Generation -Machine Learned Approaches}{subsection.2.2}% 7
\BOOKMARK [2][-]{subsection.2.3}{Procedural Generation of Mechanics, Behaviors, and Games}{section.2}% 8
\BOOKMARK [1][-]{section.3}{Previous Work}{}% 9
\BOOKMARK [2][-]{subsection.3.1}{Mechanical Property Learning}{section.3}% 10
\BOOKMARK [2][-]{subsection.3.2}{NES Pragmatics}{section.3}% 11
\BOOKMARK [2][-]{subsection.3.3}{Scrolling}{section.3}% 12
\BOOKMARK [2][-]{subsection.3.4}{Linked Rooms}{section.3}% 13
\BOOKMARK [2][-]{subsection.3.5}{Content Generation}{section.3}% 14
\BOOKMARK [2][-]{subsection.3.6}{Automatic Game Design}{section.3}% 15
\BOOKMARK [2][-]{subsection.3.7}{The Free Culture Game}{section.3}% 16
\BOOKMARK [3][-]{subsubsection.3.7.1}{ASP Game Generation}{subsection.3.7}% 17
\BOOKMARK [1][-]{section.4}{Proposed Work}{}% 18
\BOOKMARK [2][-]{subsection.4.1}{Nayru \204 Game Knowledge Extraction}{section.4}% 19
\BOOKMARK [3][-]{subsubsection.4.1.1}{Nayru Architecture}{subsection.4.1}% 20
\BOOKMARK [3][-]{subsubsection.4.1.2}{Work Remaining}{subsection.4.1}% 21
\BOOKMARK [2][-]{subsection.4.2}{ Game Level Generation}{section.4}% 22
\BOOKMARK [3][-]{subsubsection.4.2.1}{Din Architecture}{subsection.4.2}% 23
\BOOKMARK [2][-]{subsection.4.3}{Learning from Games}{section.4}% 24
\BOOKMARK [2][-]{subsection.4.4}{Procedural Generation of Levels}{section.4}% 25
\BOOKMARK [2][-]{subsection.4.5}{Procedural Generation of Games}{section.4}% 26
\BOOKMARK [1][-]{section.5}{Remaining Work}{}% 27
\BOOKMARK [1][-]{section.6}{Evaluation}{}% 28
